time="2023-12-11 11:33:56" level=info msg="Key: 'StatDayNoiseService.WorkshopId' Error:Field validation for 'WorkshopId' failed on the 'required' tag\nKey: 'StatDayNoiseService.Date' Error:Field validation for 'Date' failed on the 'required' tag"
time="2023-12-11 11:35:34" level=info msg="Key: 'StatDayNoiseService.WorkshopId' Error:Field validation for 'WorkshopId' failed on the 'required' tag\nKey: 'StatDayNoiseService.Date' Error:Field validation for 'Date' failed on the 'required' tag"
time="2023-12-11 11:35:50" level=info msg="parsing time \"2023-12-11 11:15:25\" as \"2006-01-02T15:04:05Z07:00\": cannot parse \" 11:15:25\" as \"T\""
time="2023-12-11 11:36:04" level=info msg="parsing time \"2023-12-11\" as \"2006-01-02T15:04:05Z07:00\": cannot parse \"\" as \"T\""
time="2023-12-11 11:36:30" level=info msg="parsing time \"2023-12-11T15:04:05Z07:00\": extra text: \"07:00\""
time="2023-12-11 11:36:48" level=info msg="parsing time \"2023-12-11\" as \"2006-01-02T15:04:05Z07:00\": cannot parse \"\" as \"T\""
time="2023-12-11 11:38:46" level=info msg="parsing time \"2023-12-11\" as \"2006-01-02T15:04:05Z07:00\": cannot parse \"\" as \"T\""
time="2023-12-11 11:39:33" level=info msg="parsing time \"2023-12-11 11:15:25\" as \"2006-01-02T15:04:05Z07:00\": cannot parse \" 11:15:25\" as \"T\""
time="2023-12-11 11:39:54" level=info msg="parsing time \"2023-12-11 11:15:25\" as \"2006-01-02T15:04:05Z07:00\": cannot parse \" 11:15:25\" as \"T\""
time="2023-12-11 11:40:31" level=info msg="parsing time \"2023-12-11 11:15:25\" as \"2006-01-02T15:04:05Z07:00\": cannot parse \" 11:15:25\" as \"T\""
time="2023-12-11 11:42:09" level=info msg="parsing time \"2006-01-02T15:04:05Z07:00\\\\\": extra text: \"07:00\\\\\""
time="2023-12-11 11:42:56" level=info msg="parsing time \"2023-12-11T15:04:05\" as \"2006-01-02T15:04:05Z07:00\": cannot parse \"\" as \"Z07:00\""
time="2023-12-11 12:07:48" level=info msg="parsing time \"2023-12-11\" as \"2006-01-02T15:04:05Z07:00\": cannot parse \"\" as \"T\""
time="2023-12-11 12:08:24" level=info msg="parsing time \"2023-12-11\" as \"2006-01-02T15:04:05Z07:00\": cannot parse \"\" as \"T\""
time="2023-12-11 12:16:10" level=info msg="Key: 'StatDayNoiseService.WorkshopId' Error:Field validation for 'WorkshopId' failed on the 'required' tag\nKey: 'StatDayNoiseService.Date' Error:Field validation for 'Date' failed on the 'required' tag"
time="2023-12-11 12:17:49" level=info msg="Error 1452 (23000): Cannot add or update a child row: a foreign key constraint fails (`iip`.`task`, CONSTRAINT `fk_workshop_tasks` FOREIGN KEY (`workshop_id`) REFERENCES `workshop` (`id`))"
time="2023-12-11 13:41:08" level=info msg="Key: 'NumDaySafeRateService.Date' Error:Field validation for 'Date' failed on the 'required' tag\nKey: 'NumDaySafeRateService.WorkshopId' Error:Field validation for 'WorkshopId' failed on the 'required' tag"
time="2023-12-11 13:41:15" level=info msg="Key: 'NumDaySafeRateService.Date' Error:Field validation for 'Date' failed on the 'required' tag\nKey: 'NumDaySafeRateService.WorkshopId' Error:Field validation for 'WorkshopId' failed on the 'required' tag"
time="2023-12-11 13:49:30" level=info msg="Key: 'NumDaySafeRateService.Date' Error:Field validation for 'Date' failed on the 'required' tag\nKey: 'NumDaySafeRateService.WorkshopId' Error:Field validation for 'WorkshopId' failed on the 'required' tag"
time="2023-12-11 13:50:33" level=info msg="Key: 'NumDaySafeRateService.Date' Error:Field validation for 'Date' failed on the 'required' tag\nKey: 'NumDaySafeRateService.WorkshopId' Error:Field validation for 'WorkshopId' failed on the 'required' tag"
time="2023-12-11 19:05:36" level=info msg="Error 1452 (23000): Cannot add or update a child row: a foreign key constraint fails (`iip`.`workshop`, CONSTRAINT `fk_workshop_worker` FOREIGN KEY (`worker_id`) REFERENCES `worker` (`id`))"
time="2023-12-11 19:07:48" level=info msg="Error 1452 (23000): Cannot add or update a child row: a foreign key constraint fails (`iip`.`machine`, CONSTRAINT `fk_workshop_machines` FOREIGN KEY (`workshop_id`) REFERENCES `workshop` (`id`))"
time="2023-12-11 19:08:10" level=info msg="Error 1452 (23000): Cannot add or update a child row: a foreign key constraint fails (`iip`.`machine`, CONSTRAINT `fk_machine_status_machines` FOREIGN KEY (`machine_status_id`) REFERENCES `machine_status` (`id`))"
time="2023-12-11 19:11:44" level=info msg="Error 1452 (23000): Cannot add or update a child row: a foreign key constraint fails (`iip`.`machine`, CONSTRAINT `fk_machine_status_machines` FOREIGN KEY (`machine_status_id`) REFERENCES `machine_status` (`id`))"
time="2023-12-11 19:13:19" level=info msg="Error 1452 (23000): Cannot add or update a child row: a foreign key constraint fails (`iip`.`machine`, CONSTRAINT `fk_machine_status_machines` FOREIGN KEY (`machine_status_id`) REFERENCES `machine_status` (`id`))"
time="2023-12-11 19:13:54" level=info msg="Error 1452 (23000): Cannot add or update a child row: a foreign key constraint fails (`iip`.`machine`, CONSTRAINT `fk_machine_status_machines` FOREIGN KEY (`machine_status_id`) REFERENCES `machine_status` (`id`))"
time="2023-12-11 19:15:55" level=info msg="Error 1452 (23000): Cannot add or update a child row: a foreign key constraint fails (`iip`.`machine`, CONSTRAINT `fk_machine_status_machines` FOREIGN KEY (`machine_status_id`) REFERENCES `machine_status` (`id`))"
time="2023-12-11 19:17:33" level=info msg="Error 1452 (23000): Cannot add or update a child row: a foreign key constraint fails (`iip`.`machine`, CONSTRAINT `fk_machine_status_machines` FOREIGN KEY (`machine_status_id`) REFERENCES `machine_status` (`id`))"
time="2023-12-11 19:18:24" level=info msg="Error 1452 (23000): Cannot add or update a child row: a foreign key constraint fails (`iip`.`machine`, CONSTRAINT `fk_machine_status_machines` FOREIGN KEY (`machine_status_id`) REFERENCES `machine_status` (`id`))"
time="2023-12-11 19:19:17" level=info msg="Key: 'CreateMachineService.WorkshopID' Error:Field validation for 'WorkshopID' failed on the 'required' tag\nKey: 'CreateMachineService.MachineName' Error:Field validation for 'MachineName' failed on the 'required' tag"
time="2023-12-11 19:19:50" level=info msg="Key: 'CreateMachineService.WorkshopID' Error:Field validation for 'WorkshopID' failed on the 'required' tag\nKey: 'CreateMachineService.MachineName' Error:Field validation for 'MachineName' failed on the 'required' tag"
time="2023-12-11 19:20:06" level=info msg="Key: 'CreateMachineService.WorkshopID' Error:Field validation for 'WorkshopID' failed on the 'required' tag\nKey: 'CreateMachineService.MachineName' Error:Field validation for 'MachineName' failed on the 'required' tag"
time="2023-12-11 19:20:11" level=info msg="Key: 'CreateMachineService.WorkshopID' Error:Field validation for 'WorkshopID' failed on the 'required' tag\nKey: 'CreateMachineService.MachineName' Error:Field validation for 'MachineName' failed on the 'required' tag"
time="2023-12-11 19:20:33" level=info msg="Key: 'CreateMachineService.WorkshopID' Error:Field validation for 'WorkshopID' failed on the 'required' tag\nKey: 'CreateMachineService.MachineName' Error:Field validation for 'MachineName' failed on the 'required' tag"
time="2023-12-11 19:20:52" level=info msg="Key: 'CreateMachineService.WorkshopID' Error:Field validation for 'WorkshopID' failed on the 'required' tag\nKey: 'CreateMachineService.MachineName' Error:Field validation for 'MachineName' failed on the 'required' tag"
time="2023-12-11 19:22:09" level=info msg="Key: 'CreateMachineService.WorkshopID' Error:Field validation for 'WorkshopID' failed on the 'required' tag\nKey: 'CreateMachineService.MachineName' Error:Field validation for 'MachineName' failed on the 'required' tag"
time="2023-12-11 19:22:11" level=info msg="Key: 'CreateMachineService.WorkshopID' Error:Field validation for 'WorkshopID' failed on the 'required' tag\nKey: 'CreateMachineService.MachineName' Error:Field validation for 'MachineName' failed on the 'required' tag"
time="2023-12-11 19:22:18" level=info msg="Error 1452 (23000): Cannot add or update a child row: a foreign key constraint fails (`iip`.`machine`, CONSTRAINT `fk_machine_status_machines` FOREIGN KEY (`machine_status_id`) REFERENCES `machine_status` (`id`))"
time="2023-12-11 19:41:40" level=error msg="==================="
time="2023-12-11 19:41:40" level=info msg="map[Accept:[*/*] Accept-Encoding:[gzip, deflate, br] Connection:[keep-alive] Content-Length:[32] Content-Type:[application/x-www-form-urlencoded] User-Agent:[Apifox/1.0.0 (https://apifox.com)]]"
time="2023-12-11 19:41:40" level=info msg="==================="
time="2023-12-11 19:41:40" level=info msg="Error 1452 (23000): Cannot add or update a child row: a foreign key constraint fails (`iip`.`machine_anomaly`, CONSTRAINT `fk_machine_machine_anomalys` FOREIGN KEY (`machine_id`) REFERENCES `machine` (`id`))"
time="2023-12-11 19:41:52" level=error msg="==================="
time="2023-12-11 19:41:52" level=info msg="map[Accept:[*/*] Accept-Encoding:[gzip, deflate, br] Connection:[keep-alive] Content-Length:[32] Content-Type:[application/x-www-form-urlencoded] User-Agent:[Apifox/1.0.0 (https://apifox.com)]]"
time="2023-12-11 19:41:52" level=info msg="==================="
time="2023-12-11 19:41:52" level=info msg="Error 1452 (23000): Cannot add or update a child row: a foreign key constraint fails (`iip`.`machine_anomaly`, CONSTRAINT `fk_machine_machine_anomalys` FOREIGN KEY (`machine_id`) REFERENCES `machine` (`id`))"
time="2023-12-11 19:42:07" level=error msg="==================="
time="2023-12-11 19:42:07" level=info msg="map[Accept:[*/*] Accept-Encoding:[gzip, deflate, br] Connection:[keep-alive] Content-Length:[33] Content-Type:[application/x-www-form-urlencoded] User-Agent:[Apifox/1.0.0 (https://apifox.com)]]"
time="2023-12-11 19:42:07" level=info msg="==================="
