time="2023-12-13 09:17:01" level=info msg="record not found"
time="2023-12-13 09:19:13" level=info msg="Key: 'CreateProcedureItemService.ProcedureID' Error:Field validation for 'ProcedureID' failed on the 'required' tag"
time="2023-12-13 09:20:20" level=info msg="Key: 'CreateProcedureItemService.ProcedureID' Error:Field validation for 'ProcedureID' failed on the 'required' tag"
time="2023-12-13 09:20:23" level=info msg="Key: 'CreateProcedureItemService.ProcedureID' Error:Field validation for 'ProcedureID' failed on the 'required' tag"
time="2023-12-13 09:20:24" level=info msg="Key: 'CreateProcedureItemService.ProcedureID' Error:Field validation for 'ProcedureID' failed on the 'required' tag"
time="2023-12-13 09:20:25" level=info msg="Key: 'CreateProcedureItemService.ProcedureID' Error:Field validation for 'ProcedureID' failed on the 'required' tag"
time="2023-12-13 09:27:26" level=info msg="Error 1292 (22007): Incorrect datetime value: '0000-00-00' for column 'created_at' at row 1"
time="2023-12-13 09:30:58" level=info msg="Key: 'ListTaskTypeService.Start' Error:Field validation for 'Start' failed on the 'required' tag"
time="2023-12-13 10:08:12" level=info msg="Key: 'CreateMachineWorkerService.MachineID' Error:Field validation for 'MachineID' failed on the 'required' tag"
time="2023-12-13 10:46:19" level=info msg="Error 1452 (23000): Cannot add or update a child row: a foreign key constraint fails (`iip`.`environment`, CONSTRAINT `fk_workshop_environments` FOREIGN KEY (`workshop_id`) REFERENCES `workshop` (`id`))"
time="2023-12-13 10:46:39" level=info msg="Error 1452 (23000): Cannot add or update a child row: a foreign key constraint fails (`iip`.`environment`, CONSTRAINT `fk_workshop_environments` FOREIGN KEY (`workshop_id`) REFERENCES `workshop` (`id`))"
time="2023-12-13 10:47:19" level=info msg="record not found"
time="2023-12-13 11:07:42" level=info msg="Error 1452 (23000): Cannot add or update a child row: a foreign key constraint fails (`iip`.`task`, CONSTRAINT `fk_task_status_tasks` FOREIGN KEY (`task_status_id`) REFERENCES `task_status` (`id`))"
time="2023-12-13 14:14:12" level=info msg="Error 1452 (23000): Cannot add or update a child row: a foreign key constraint fails (`iip`.`worker_workshop`, CONSTRAINT `fk_worker_workshop_worker` FOREIGN KEY (`worker_id`) REFERENCES `worker` (`id`))"
time="2023-12-13 14:14:24" level=info msg="Error 1062 (23000): Duplicate entry '1-5' for key 'PRIMARY'"
time="2023-12-13 14:44:52" level=info msg="Error 1452 (23000): Cannot add or update a child row: a foreign key constraint fails (`iip`.`task`, CONSTRAINT `fk_task_type_tasks` FOREIGN KEY (`task_type_id`) REFERENCES `task_type` (`id`))"
time="2023-12-13 14:45:51" level=info msg="Error 1452 (23000): Cannot add or update a child row: a foreign key constraint fails (`iip`.`task`, CONSTRAINT `fk_task_type_tasks` FOREIGN KEY (`task_type_id`) REFERENCES `task_type` (`id`))"
time="2023-12-13 14:46:05" level=info msg="Error 1452 (23000): Cannot add or update a child row: a foreign key constraint fails (`iip`.`task`, CONSTRAINT `fk_task_type_tasks` FOREIGN KEY (`task_type_id`) REFERENCES `task_type` (`id`))"
time="2023-12-13 14:51:40" level=info msg="Error 1452 (23000): Cannot add or update a child row: a foreign key constraint fails (`iip`.`task`, CONSTRAINT `fk_task_type_tasks` FOREIGN KEY (`task_type_id`) REFERENCES `task_type` (`id`))"
time="2023-12-13 14:51:44" level=info msg="Error 1452 (23000): Cannot add or update a child row: a foreign key constraint fails (`iip`.`task`, CONSTRAINT `fk_task_type_tasks` FOREIGN KEY (`task_type_id`) REFERENCES `task_type` (`id`))"
time="2023-12-13 15:02:26" level=info msg="Error 1452 (23000): Cannot add or update a child row: a foreign key constraint fails (`iip`.`task`, CONSTRAINT `fk_task_status_tasks` FOREIGN KEY (`task_status_id`) REFERENCES `task_status` (`id`))"
time="2023-12-13 15:02:36" level=info msg="Error 1452 (23000): Cannot add or update a child row: a foreign key constraint fails (`iip`.`task`, CONSTRAINT `fk_task_status_tasks` FOREIGN KEY (`task_status_id`) REFERENCES `task_status` (`id`))"
time="2023-12-13 15:02:51" level=info msg="Error 1452 (23000): Cannot add or update a child row: a foreign key constraint fails (`iip`.`task`, CONSTRAINT `fk_task_status_tasks` FOREIGN KEY (`task_status_id`) REFERENCES `task_status` (`id`))"
time="2023-12-13 15:07:15" level=info msg="record not found"
time="2023-12-13 15:12:13" level=info msg="Error 1452 (23000): Cannot add or update a child row: a foreign key constraint fails (`iip`.`task`, CONSTRAINT `fk_workshop_tasks` FOREIGN KEY (`workshop_id`) REFERENCES `workshop` (`id`))"
time="2023-12-13 15:12:21" level=info msg="record not found"
time="2023-12-13 15:25:46" level=info msg="Error 1452 (23000): Cannot add or update a child row: a foreign key constraint fails (`iip`.`worker`, CONSTRAINT `fk_worker_type_workers` FOREIGN KEY (`worker_type_id`) REFERENCES `worker_type` (`id`))"
time="2023-12-13 15:25:57" level=info msg="Error 1452 (23000): Cannot add or update a child row: a foreign key constraint fails (`iip`.`worker`, CONSTRAINT `fk_worker_type_workers` FOREIGN KEY (`worker_type_id`) REFERENCES `worker_type` (`id`))"
time="2023-12-13 15:26:07" level=info msg="Error 1452 (23000): Cannot add or update a child row: a foreign key constraint fails (`iip`.`worker`, CONSTRAINT `fk_worker_type_workers` FOREIGN KEY (`worker_type_id`) REFERENCES `worker_type` (`id`))"
time="2023-12-13 15:27:32" level=info msg="Error 1452 (23000): Cannot add or update a child row: a foreign key constraint fails (`iip`.`worker`, CONSTRAINT `fk_worker_type_workers` FOREIGN KEY (`worker_type_id`) REFERENCES `worker_type` (`id`))"
time="2023-12-13 15:27:56" level=info msg="Error 1452 (23000): Cannot add or update a child row: a foreign key constraint fails (`iip`.`worker`, CONSTRAINT `fk_worker_type_workers` FOREIGN KEY (`worker_type_id`) REFERENCES `worker_type` (`id`))"
