time="2023-12-28 11:07:46" level=info msg="Key: 'ListMachineStatusService.Start' Error:Field validation for 'Start' failed on the 'required' tag"
time="2023-12-28 11:09:05" level=info msg="Key: 'ListMachineStatusService.Start' Error:Field validation for 'Start' failed on the 'required' tag"
time="2023-12-28 11:10:02" level=info msg="Key: 'ListMachineStatusService.Start' Error:Field validation for 'Start' failed on the 'required' tag"
time="2023-12-28 11:15:35" level=info msg="Key: 'ListMachineStatusService.Start' Error:Field validation for 'Start' failed on the 'required' tag"
time="2023-12-28 11:15:52" level=info msg="Key: 'ListMachineStatusService.Start' Error:Field validation for 'Start' failed on the 'required' tag"
time="2023-12-28 11:15:53" level=info msg="Key: 'ListMachineStatusService.Start' Error:Field validation for 'Start' failed on the 'required' tag"
time="2023-12-28 11:18:01" level=info msg="Key: 'ListMachineStatusService.Start' Error:Field validation for 'Start' failed on the 'required' tag"
time="2023-12-28 11:19:18" level=info msg="Key: 'ListMachineStatusService.Start' Error:Field validation for 'Start' failed on the 'required' tag"
time="2023-12-28 11:19:46" level=info msg="Key: 'ListMachineStatusService.Start' Error:Field validation for 'Start' failed on the 'required' tag"
time="2023-12-28 11:20:49" level=info msg="Key: 'ListMachineStatusService.Start' Error:Field validation for 'Start' failed on the 'required' tag"
time="2023-12-28 11:23:07" level=info msg="Key: 'ListMachineStatusService.Start' Error:Field validation for 'Start' failed on the 'required' tag"
time="2023-12-28 11:24:23" level=info msg="Key: 'ListMachineStatusService.Start' Error:Field validation for 'Start' failed on the 'required' tag"
time="2023-12-28 11:24:26" level=info msg="Key: 'ListMachineStatusService.Start' Error:Field validation for 'Start' failed on the 'required' tag"
time="2023-12-28 11:24:42" level=info msg="Key: 'ListMachineStatusService.Start' Error:Field validation for 'Start' failed on the 'required' tag"
time="2023-12-28 11:27:59" level=info msg="Key: 'ListMachineStatusService.Start' Error:Field validation for 'Start' failed on the 'required' tag"
time="2023-12-28 11:28:31" level=info msg="Key: 'ListMachineStatusService.Start' Error:Field validation for 'Start' failed on the 'required' tag"
time="2023-12-28 11:29:03" level=info msg="Key: 'ListMachineStatusService.Start' Error:Field validation for 'Start' failed on the 'required' tag"
time="2023-12-28 11:30:03" level=info msg="Key: 'ListMachineStatusService.Start' Error:Field validation for 'Start' failed on the 'required' tag"
time="2023-12-28 11:30:10" level=error msg="==================="
time="2023-12-28 11:30:10" level=info msg="map[Accept-Encoding:[gzip] Content-Length:[0] User-Agent:[Dart/3.2 (dart:io)]]"
time="2023-12-28 11:30:10" level=info msg="==================="
time="2023-12-28 11:30:41" level=info msg="Key: 'ListMachineStatusService.Start' Error:Field validation for 'Start' failed on the 'required' tag"
time="2023-12-28 11:32:20" level=info msg="Key: 'ListMachineStatusService.Start' Error:Field validation for 'Start' failed on the 'required' tag"
time="2023-12-28 11:32:20" level=info msg="Key: 'ListMachineStatusService.Start' Error:Field validation for 'Start' failed on the 'required' tag"
time="2023-12-28 11:32:22" level=info msg="Key: 'ListMachineStatusService.Start' Error:Field validation for 'Start' failed on the 'required' tag"
time="2023-12-28 11:33:35" level=error msg="==================="
time="2023-12-28 11:33:35" level=info msg="map[Accept-Encoding:[gzip] Content-Length:[0] User-Agent:[Dart/3.2 (dart:io)]]"
time="2023-12-28 11:33:35" level=info msg="==================="
time="2023-12-28 11:33:43" level=error msg="==================="
time="2023-12-28 11:33:43" level=info msg="map[Accept-Encoding:[gzip] Content-Length:[0] User-Agent:[Dart/3.2 (dart:io)]]"
time="2023-12-28 11:33:43" level=info msg="==================="
time="2023-12-28 11:33:49" level=error msg="==================="
time="2023-12-28 11:33:49" level=info msg="map[Accept-Encoding:[gzip] Content-Length:[0] User-Agent:[Dart/3.2 (dart:io)]]"
time="2023-12-28 11:33:49" level=info msg="==================="
time="2023-12-28 11:35:25" level=error msg="==================="
time="2023-12-28 11:35:25" level=info msg="map[Accept-Encoding:[gzip] Content-Length:[0] User-Agent:[Dart/3.2 (dart:io)]]"
time="2023-12-28 11:35:25" level=info msg="==================="
time="2023-12-28 11:35:37" level=error msg="==================="
time="2023-12-28 11:35:37" level=info msg="map[Accept-Encoding:[gzip] Content-Length:[0] User-Agent:[Dart/3.2 (dart:io)]]"
time="2023-12-28 11:35:37" level=info msg="==================="
time="2023-12-28 11:36:00" level=error msg="==================="
time="2023-12-28 11:36:00" level=info msg="map[Accept-Encoding:[gzip] Content-Length:[0] User-Agent:[Dart/3.2 (dart:io)]]"
time="2023-12-28 11:36:00" level=info msg="==================="
time="2023-12-28 11:39:39" level=error msg="==================="
time="2023-12-28 11:39:39" level=info msg="map[Accept-Encoding:[gzip] Content-Length:[0] User-Agent:[Dart/3.2 (dart:io)]]"
time="2023-12-28 11:39:39" level=info msg="==================="
time="2023-12-28 12:01:41" level=info msg="Key: 'ListMachineStatusService.Start' Error:Field validation for 'Start' failed on the 'required' tag"
time="2023-12-28 12:08:31" level=info msg="Key: 'ListMachineStatusService.Start' Error:Field validation for 'Start' failed on the 'required' tag"
time="2023-12-28 12:16:48" level=info msg="Key: 'ListWorkerAttendanceService.Start' Error:Field validation for 'Start' failed on the 'required' tag"
time="2023-12-28 12:55:50" level=info msg="Key: 'ListMachineStatusService.Start' Error:Field validation for 'Start' failed on the 'required' tag"
time="2023-12-28 13:06:05" level=info msg="invalid character '}' looking for beginning of object key string"
time="2023-12-28 13:06:31" level=info msg="invalid character '}' looking for beginning of object key string"
time="2023-12-28 13:08:41" level=info msg="invalid character '}' looking for beginning of object key string"
time="2023-12-28 13:09:16" level=info msg="invalid character '}' looking for beginning of object key string"
time="2023-12-28 13:18:48" level=info msg="Key: 'ListWorkerAttendanceService.Start' Error:Field validation for 'Start' failed on the 'required' tag"
time="2023-12-28 13:19:59" level=info msg="Key: 'ListMachineStatusService.Start' Error:Field validation for 'Start' failed on the 'required' tag"
time="2023-12-28 13:21:04" level=info msg="Key: 'ListMachineStatusService.Start' Error:Field validation for 'Start' failed on the 'required' tag"
time="2023-12-28 14:26:31" level=error msg="==================="
time="2023-12-28 14:26:31" level=info msg="map[Accept-Encoding:[gzip] Content-Length:[0] User-Agent:[Dart/3.2 (dart:io)]]"
time="2023-12-28 14:26:31" level=info msg="==================="
time="2023-12-28 14:32:19" level=error msg="==================="
time="2023-12-28 14:32:19" level=info msg="map[Accept-Encoding:[gzip] Content-Length:[0] User-Agent:[Dart/3.2 (dart:io)]]"
time="2023-12-28 14:32:19" level=info msg="==================="
time="2023-12-28 14:42:49" level=error msg="==================="
time="2023-12-28 14:42:49" level=info msg="map[Accept-Encoding:[gzip] Content-Length:[0] User-Agent:[Dart/3.2 (dart:io)]]"
time="2023-12-28 14:42:49" level=info msg="==================="
time="2023-12-28 14:44:30" level=error msg="==================="
time="2023-12-28 14:44:30" level=info msg="map[Accept-Encoding:[gzip] Content-Length:[0] User-Agent:[Dart/3.2 (dart:io)]]"
time="2023-12-28 14:44:30" level=info msg="==================="
time="2023-12-28 14:44:56" level=error msg="==================="
time="2023-12-28 14:44:56" level=info msg="map[Accept-Encoding:[gzip] Content-Length:[0] User-Agent:[Dart/3.2 (dart:io)]]"
time="2023-12-28 14:44:56" level=info msg="==================="
time="2023-12-28 14:58:03" level=error msg="==================="
time="2023-12-28 14:58:03" level=info msg="map[Accept-Encoding:[gzip] Content-Length:[0] User-Agent:[Dart/3.2 (dart:io)]]"
time="2023-12-28 14:58:03" level=info msg="==================="
time="2023-12-28 14:58:11" level=error msg="==================="
time="2023-12-28 14:58:11" level=info msg="map[Accept-Encoding:[gzip] Content-Length:[0] User-Agent:[Dart/3.2 (dart:io)]]"
time="2023-12-28 14:58:11" level=info msg="==================="
time="2023-12-28 14:58:38" level=error msg="==================="
time="2023-12-28 14:58:38" level=info msg="map[Accept-Encoding:[gzip] Content-Length:[0] User-Agent:[Dart/3.2 (dart:io)]]"
time="2023-12-28 14:58:38" level=info msg="==================="
time="2023-12-28 15:11:02" level=info msg="Key: 'ListMachineStatusService.Start' Error:Field validation for 'Start' failed on the 'required' tag"
time="2023-12-28 15:11:05" level=info msg="Key: 'ListMachineStatusService.Start' Error:Field validation for 'Start' failed on the 'required' tag"
time="2023-12-28 15:11:44" level=info msg="Key: 'ListMachineStatusService.Start' Error:Field validation for 'Start' failed on the 'required' tag"
time="2023-12-28 15:11:49" level=info msg="Key: 'ListMachineStatusService.Start' Error:Field validation for 'Start' failed on the 'required' tag"
time="2023-12-28 15:19:16" level=info msg="json: cannot unmarshal number -1 into Go struct field UpdateProcedureService.sequence of type uint"
time="2023-12-29 20:38:15" level=info msg="parsing time \"2023-12-27T12:05:03\" as \"2006-01-02T15:04:05Z07:00\": cannot parse \"\" as \"Z07:00\""
time="2024-01-03 10:06:17" level=info msg="json: cannot unmarshal number -1 into Go struct field UpdateProcedureService.sequence of type uint"
